2021-03-01 20:56:13,539:INFO: Loading the test dataset...
2021-03-01 20:56:13,593:INFO: Number of testing examples: 222
2021-03-01 20:56:16,525:INFO: Test All: The test error is 2.278482909993327 %
2021-03-02 01:23:46,498:INFO: Loading the test dataset...
2021-03-02 01:23:47,472:INFO: Number of testing examples: 222
2021-03-02 01:23:50,662:INFO: Test All: The test error is 2.2156596700867532 %
2021-03-02 02:57:35,190:INFO: Loading the test dataset...
2021-03-02 02:57:35,254:INFO: Number of testing examples: 222
2021-03-02 02:57:38,458:INFO: Test All: The test error is 2.5653257424090756 %
2021-03-02 12:16:17,549:INFO: Loading the test dataset...
2021-03-02 12:16:17,612:INFO: Number of testing examples: 222
2021-03-02 12:16:20,819:INFO: Test All: The test error is 18.353346836419753 %
2021-03-02 16:38:07,530:INFO: Loading the test dataset...
2021-03-02 16:38:07,594:INFO: Number of testing examples: 222
2021-03-02 16:38:10,793:INFO: Test All: The test error is 2.3004449762262262 %
2021-03-03 03:17:30,430:INFO: Loading the test dataset...
2021-03-03 03:17:32,054:INFO: Number of testing examples: 222
2021-03-03 03:17:35,732:INFO: Test All: The test error is 2.28076383675342 %
2021-03-03 15:10:04,574:INFO: Loading the test dataset...
2021-03-03 15:10:05,641:INFO: Number of testing examples: 222
2021-03-03 15:10:08,488:INFO: Test All: The test error is 7.633447249332666 %
2021-03-03 22:48:46,770:INFO: Loading the test dataset...
2021-03-03 22:48:47,517:INFO: Number of testing examples: 222
2021-03-03 22:48:50,355:INFO: Test All: The test error is 2.3067338171504836 %
2021-03-04 00:09:31,525:INFO: Loading the test dataset...
2021-03-04 00:09:31,578:INFO: Number of testing examples: 222
2021-03-04 00:09:34,434:INFO: Test All: The test error is 2.393995558058058 %
2021-03-04 02:00:41,050:INFO: Loading the test dataset...
2021-03-04 02:00:41,104:INFO: Number of testing examples: 222
2021-03-04 02:00:43,999:INFO: Test All: The test error is 2.3720009071571573 %
2021-03-13 05:24:24,748:INFO: Loading the test dataset...
2021-03-13 05:24:25,846:INFO: Number of testing examples: 222
2021-03-13 05:24:35,199:INFO: Test instance 25: The reconstruction error is 3.139467592592592 % and BCE Loss is 0.03893192857503891
2021-03-13 05:24:46,427:INFO: Loading the test dataset...
2021-03-13 05:24:46,486:INFO: Number of testing examples: 222
2021-03-13 05:24:49,877:INFO: Test instance 25: The reconstruction error is 3.139467592592592 % and BCE Loss is 0.03893192857503891
2021-03-13 05:47:10,340:INFO: Loading the test dataset...
2021-03-13 05:47:10,397:INFO: Number of testing examples: 222
2021-03-13 05:47:13,765:INFO: Test instance 25: The reconstruction error is 3.139467592592592 % and BCE Loss is 0.03893192484974861
2021-03-13 05:52:24,243:INFO: Loading the test dataset...
2021-03-13 05:52:24,299:INFO: Number of testing examples: 222
2021-03-13 05:52:27,649:INFO: Test instance 25: The reconstruction error is 3.139467592592592 % and BCE Loss is 0.03893192857503891
2021-03-14 04:40:47,273:INFO: Loading the test dataset...
2021-03-14 04:40:48,304:INFO: Number of testing examples: 222
2021-03-14 04:40:58,548:INFO: Test instance 25: The reconstruction error is 3.139467592592592 % and BCE Loss is 0.03893192484974861
2021-03-14 04:42:34,145:INFO: Loading the test dataset...
2021-03-14 04:42:34,201:INFO: Number of testing examples: 222
2021-03-14 04:42:37,462:INFO: Test instance 25: The reconstruction error is 3.139467592592592 % and BCE Loss is 0.03893192112445831
2021-03-14 04:43:31,277:INFO: Loading the test dataset...
2021-03-14 04:43:31,339:INFO: Number of testing examples: 222
2021-03-14 04:43:34,631:INFO: Test instance 25: The reconstruction error is 3.139467592592592 % and BCE Loss is 0.03893192484974861
2021-03-14 04:43:46,890:INFO: Loading the test dataset...
2021-03-14 04:43:46,944:INFO: Number of testing examples: 222
2021-03-14 04:43:50,232:INFO: Test instance 25: The reconstruction error is 3.139467592592592 % and BCE Loss is 0.03893192857503891
2021-03-14 07:46:08,157:INFO: Loading the test dataset...
2021-03-14 07:46:09,817:INFO: Number of testing examples: 222
2021-03-14 07:46:21,596:INFO: Test instance 25: The reconstruction error is 3.139467592592592 % and BCE Loss is 0.03893192857503891
2021-03-14 07:49:39,587:INFO: Loading the test dataset...
2021-03-14 07:49:39,645:INFO: Number of testing examples: 222
2021-03-14 07:50:27,058:INFO: Loading the test dataset...
2021-03-14 07:50:27,118:INFO: Number of testing examples: 222
2021-03-14 07:53:33,155:INFO: Loading the test dataset...
2021-03-14 07:53:33,215:INFO: Number of testing examples: 222
2021-03-14 08:02:11,240:INFO: Loading the test dataset...
2021-03-14 08:02:11,299:INFO: Number of testing examples: 222
2021-03-14 08:02:15,684:INFO: Test instance 25: The reconstruction error is 3.139467592592592 % and BCE Loss is 0.03893192857503891
2021-03-14 08:06:12,589:INFO: Testing Instance: 58 ---- Loading data...
2021-03-14 08:06:12,590:INFO: Reconstruction Starting...
2021-03-14 08:06:13,455:INFO: Reconstruction Completed
2021-03-14 08:06:13,456:INFO: Calculating Reconstruction results: 
2021-03-14 08:06:13,456:INFO: Reconstruction error: 1.9820601851851853
2021-03-14 08:06:13,456:INFO: BCE Loss: 0.024469561874866486
2021-03-14 08:21:35,543:INFO: Testing Instance: 58 ---- Loading data...
2021-03-14 08:21:35,544:INFO: Reconstruction Starting...
2021-03-14 08:22:28,195:INFO: Testing Instance: 58 ---- Loading data...
2021-03-14 08:22:28,196:INFO: Reconstruction Starting...
2021-03-14 08:23:22,769:INFO: Testing Instance: 58 ---- Loading data...
2021-03-14 08:23:22,770:INFO: Reconstruction Starting...
2021-03-14 08:25:32,168:INFO: Testing Instance: 58 ---- Loading data...
2021-03-14 08:25:32,172:INFO: Reconstruction Starting...
2021-03-14 08:25:48,617:INFO: Testing Instance: 58 ---- Loading data...
2021-03-14 08:25:48,618:INFO: Reconstruction Starting...
2021-03-14 08:25:53,050:INFO: Reconstruction Completed
2021-03-14 08:25:53,050:INFO: Calculating Reconstruction results...
2021-03-14 08:25:53,050:INFO: Reconstruction error: 1.9820601851851853
2021-03-14 08:25:53,051:INFO: BCE Loss: 0.024469561874866486
2021-03-14 08:33:57,817:INFO: Testing Instance: 58 ---- Loading data...
2021-03-14 08:33:57,818:INFO: Reconstruction Starting...
2021-03-14 08:34:45,200:INFO: Testing Instance: 58 ---- Loading data...
2021-03-14 08:34:45,201:INFO: Reconstruction Starting...
2021-03-14 08:35:28,748:INFO: Testing Instance: 58 ---- Loading data...
2021-03-14 08:35:28,748:INFO: Reconstruction Starting...
2021-03-14 08:35:36,629:INFO: Reconstruction Completed
2021-03-14 08:35:36,629:INFO: Calculating Reconstruction results...
2021-03-14 08:35:36,629:INFO: Reconstruction error: 1.9820601851851853
2021-03-14 08:35:36,629:INFO: BCE Loss: 0.024469561874866486
2021-03-14 08:52:16,245:INFO: Testing Instance: 58 ---- Loading data...
2021-03-14 08:52:16,246:INFO: Reconstruction Starting...
2021-03-14 08:52:23,978:INFO: Reconstruction Completed
2021-03-14 08:52:23,979:INFO: Calculating Reconstruction results...
2021-03-14 08:52:23,979:INFO: Reconstruction error: 1.9820601851851853
2021-03-14 08:52:23,979:INFO: BCE Loss: 0.024469558149576187
2021-03-14 08:53:25,619:INFO: Testing Instance: 58 ---- Loading data...
2021-03-14 08:53:25,620:INFO: Reconstruction Starting...
2021-03-14 08:53:33,359:INFO: Reconstruction Completed
2021-03-14 08:53:33,359:INFO: Calculating Reconstruction results...
2021-03-14 08:53:33,359:INFO: Reconstruction error: 1.9820601851851853
2021-03-14 08:53:33,359:INFO: BCE Loss: 0.024469563737511635
2021-03-14 08:55:55,787:INFO: Testing Instance: 58 ---- Loading data...
2021-03-14 08:55:55,788:INFO: Reconstruction Starting...
2021-03-14 08:56:03,559:INFO: Reconstruction Completed
2021-03-14 08:56:03,559:INFO: Calculating Reconstruction results...
2021-03-14 08:56:03,560:INFO: Reconstruction error: 1.9820601851851853
2021-03-14 08:56:03,560:INFO: BCE Loss: 0.024469558149576187
2021-03-14 08:56:43,319:INFO: Testing Instance: 58 ---- Loading data...
2021-03-14 08:56:43,320:INFO: Reconstruction Starting...
2021-03-14 08:56:51,161:INFO: Reconstruction Completed
2021-03-14 08:56:51,161:INFO: Calculating Reconstruction results...
2021-03-14 08:56:51,161:INFO: Reconstruction error: 1.9820601851851853
2021-03-14 08:56:51,162:INFO: BCE Loss: 0.024469563737511635
2021-03-14 08:57:57,144:INFO: Testing Instance: 58 ---- Loading data...
2021-03-14 08:57:57,145:INFO: Reconstruction Starting...
2021-03-14 08:58:05,144:INFO: Reconstruction Completed
2021-03-14 08:58:05,144:INFO: Calculating Reconstruction results...
2021-03-14 08:58:05,144:INFO: Reconstruction error: 1.9820601851851853
2021-03-14 08:58:05,145:INFO: BCE Loss: 0.024469561874866486
2021-03-14 09:04:57,193:INFO: Testing Instance: 58 ---- Loading data...
2021-03-14 09:04:57,194:INFO: Reconstruction Starting...
2021-03-14 09:05:04,966:INFO: Reconstruction Completed
2021-03-14 09:05:04,966:INFO: Calculating Reconstruction results...
2021-03-14 09:05:04,966:INFO: Reconstruction error: 1.9820601851851853
2021-03-14 09:05:04,967:INFO: BCE Loss: 0.024469561874866486
2021-03-14 09:05:26,411:INFO: Testing Instance: 58 ---- Loading data...
2021-03-14 09:05:26,412:INFO: Reconstruction Starting...
2021-03-14 09:05:34,316:INFO: Reconstruction Completed
2021-03-14 09:05:34,317:INFO: Calculating Reconstruction results...
2021-03-14 09:05:34,317:INFO: Reconstruction error: 1.9820601851851853
2021-03-14 09:05:34,317:INFO: BCE Loss: 0.024469561874866486
2021-03-14 09:06:12,015:INFO: Testing Instance: 58 ---- Loading data...
2021-03-14 09:06:12,016:INFO: Reconstruction Starting...
2021-03-14 09:06:19,965:INFO: Reconstruction Completed
2021-03-14 09:06:19,966:INFO: Calculating Reconstruction results...
2021-03-14 09:06:19,966:INFO: Reconstruction error: 1.9820601851851853
2021-03-14 09:06:19,966:INFO: BCE Loss: 0.024469558149576187
2021-03-14 09:07:24,638:INFO: Testing Instance: 58 ---- Loading data...
2021-03-14 09:07:24,639:INFO: Reconstruction Starting...
2021-03-14 09:08:01,831:INFO: Testing Instance: 58 ---- Loading data...
2021-03-14 09:08:01,832:INFO: Reconstruction Starting...
2021-03-14 09:08:09,645:INFO: Reconstruction Completed
2021-03-14 09:08:09,645:INFO: Calculating Reconstruction results...
2021-03-14 09:08:09,645:INFO: Reconstruction error: 1.9820601851851853
2021-03-14 09:08:09,646:INFO: BCE Loss: 0.024469558149576187
2021-03-14 09:08:34,541:INFO: Testing Instance: 58 ---- Loading data...
2021-03-14 09:08:34,542:INFO: Reconstruction Starting...
2021-03-14 09:08:42,382:INFO: Reconstruction Completed
2021-03-14 09:08:42,382:INFO: Calculating Reconstruction results...
2021-03-14 09:08:42,382:INFO: Reconstruction error: 1.9820601851851853
2021-03-14 09:08:42,383:INFO: BCE Loss: 0.024469558149576187
2021-03-14 09:09:38,300:INFO: Testing Instance: 58 ---- Loading data...
2021-03-14 09:09:38,301:INFO: Reconstruction Starting...
2021-03-14 09:09:46,170:INFO: Reconstruction Completed
2021-03-14 09:09:46,171:INFO: Calculating Reconstruction results...
2021-03-14 09:09:46,171:INFO: Reconstruction error: 1.9820601851851853
2021-03-14 09:09:46,171:INFO: BCE Loss: 0.024469561874866486
2021-03-14 09:10:09,037:INFO: Testing Instance: 58 ---- Loading data...
2021-03-14 09:10:09,039:INFO: Reconstruction Starting...
2021-03-14 09:10:16,815:INFO: Reconstruction Completed
2021-03-14 09:10:16,815:INFO: Calculating Reconstruction results...
2021-03-14 09:10:16,815:INFO: Reconstruction error: 1.9820601851851853
2021-03-14 09:10:16,815:INFO: BCE Loss: 0.024469561874866486
2021-03-14 09:11:08,564:INFO: Testing Instance: 58 ---- Loading data...
2021-03-14 09:11:08,565:INFO: Reconstruction Starting...
2021-03-14 09:11:16,429:INFO: Reconstruction Completed
2021-03-14 09:11:16,429:INFO: Calculating Reconstruction results...
2021-03-14 09:11:16,429:INFO: Reconstruction error: 1.9820601851851853
2021-03-14 09:11:16,429:INFO: BCE Loss: 0.024469561874866486
2021-03-14 09:12:32,220:INFO: Testing Instance: 58 ---- Loading data...
2021-03-14 09:12:32,221:INFO: Reconstruction Starting...
2021-03-14 09:12:40,069:INFO: Reconstruction Completed
2021-03-14 09:12:40,069:INFO: Calculating Reconstruction results...
2021-03-14 09:12:40,069:INFO: Reconstruction error: 1.9820601851851853
2021-03-14 09:12:40,069:INFO: BCE Loss: 0.024469563737511635
2021-03-14 09:14:50,730:INFO: Testing Instance: 58 ---- Loading data...
2021-03-14 09:14:50,731:INFO: Reconstruction Starting...
2021-03-14 09:14:58,766:INFO: Reconstruction Completed
2021-03-14 09:14:58,766:INFO: Calculating Reconstruction results...
2021-03-14 09:14:58,767:INFO: Reconstruction error: 1.9820601851851853
2021-03-14 09:14:58,767:INFO: BCE Loss: 0.024469563737511635
2021-03-14 09:19:46,540:INFO: Testing Instance: 58 ---- Loading data...
2021-03-14 09:19:46,541:INFO: Reconstruction Starting...
2021-03-14 09:19:54,396:INFO: Reconstruction Completed
2021-03-14 09:19:54,398:INFO: Calculating Reconstruction results...
2021-03-14 09:19:54,398:INFO: Reconstruction error: 1.9820601851851853
2021-03-14 09:19:54,399:INFO: BCE Loss: 0.024469561874866486
2021-03-14 09:20:47,209:INFO: Testing Instance: 58 ---- Loading data...
2021-03-14 09:20:47,210:INFO: Reconstruction Starting...
2021-03-14 09:20:55,122:INFO: Reconstruction Completed
2021-03-14 09:20:55,122:INFO: Calculating Reconstruction results...
2021-03-14 09:20:55,122:INFO: Reconstruction error: 1.9820601851851853
2021-03-14 09:20:55,122:INFO: BCE Loss: 0.024469561874866486
2021-03-14 09:21:13,782:INFO: Testing Instance: 58 ---- Loading data...
2021-03-14 09:21:13,783:INFO: Reconstruction Starting...
2021-03-14 09:21:21,599:INFO: Reconstruction Completed
2021-03-14 09:21:21,599:INFO: Calculating Reconstruction results...
2021-03-14 09:21:21,599:INFO: Reconstruction error: 1.9820601851851853
2021-03-14 09:21:21,599:INFO: BCE Loss: 0.024469561874866486
2021-03-14 09:22:40,487:INFO: Testing Instance: 58 ---- Loading data...
2021-03-14 09:22:40,488:INFO: Reconstruction Starting...
2021-03-14 09:22:48,317:INFO: Reconstruction Completed
2021-03-14 09:22:48,317:INFO: Calculating Reconstruction results...
2021-03-14 09:22:48,317:INFO: Reconstruction error: 1.9820601851851853
2021-03-14 09:22:48,317:INFO: BCE Loss: 0.024469563737511635
2021-03-14 09:23:55,218:INFO: Testing Instance: 58 ---- Loading data...
2021-03-14 09:23:55,219:INFO: Reconstruction Starting...
2021-03-14 09:24:03,114:INFO: Reconstruction Completed
2021-03-14 09:24:03,115:INFO: Calculating Reconstruction results...
2021-03-14 09:24:03,115:INFO: Reconstruction error: 1.9820601851851853
2021-03-14 09:24:03,115:INFO: BCE Loss: 0.024469563737511635
2021-03-14 09:24:34,515:INFO: Testing Instance: 58 ---- Loading data...
2021-03-14 09:24:34,517:INFO: Reconstruction Starting...
2021-03-14 09:24:42,351:INFO: Reconstruction Completed
2021-03-14 09:24:42,351:INFO: Calculating Reconstruction results...
2021-03-14 09:24:42,351:INFO: Reconstruction error: 1.9820601851851853
2021-03-14 09:24:42,351:INFO: BCE Loss: 0.024469563737511635
2021-03-14 09:25:03,650:INFO: Testing Instance: 58 ---- Loading data...
2021-03-14 09:25:03,651:INFO: Reconstruction Starting...
2021-03-14 09:25:11,490:INFO: Reconstruction Completed
2021-03-14 09:25:11,490:INFO: Calculating Reconstruction results...
2021-03-14 09:25:11,491:INFO: Reconstruction error: 1.9820601851851853
2021-03-14 09:25:11,491:INFO: BCE Loss: 0.024469561874866486
2021-03-14 09:28:08,828:INFO: Testing Instance: 58 ---- Loading data...
2021-03-14 09:28:08,829:INFO: Reconstruction Starting...
2021-03-14 09:28:16,711:INFO: Reconstruction Completed
2021-03-14 09:28:16,711:INFO: Calculating Reconstruction results...
2021-03-14 09:28:16,711:INFO: Reconstruction error: 1.9820601851851853
2021-03-14 09:28:16,711:INFO: BCE Loss: 0.024469561874866486
2021-03-14 09:28:54,850:INFO: Testing Instance: 58 ---- Loading data...
2021-03-14 09:28:54,851:INFO: Reconstruction Starting...
2021-03-14 09:29:02,659:INFO: Reconstruction Completed
2021-03-14 09:29:02,660:INFO: Calculating Reconstruction results...
2021-03-14 09:29:02,660:INFO: Reconstruction error: 1.9820601851851853
2021-03-14 09:29:02,660:INFO: BCE Loss: 0.024469561874866486
2021-03-15 00:09:31,691:INFO: Testing Instance: 58 ---- Loading data...
2021-03-15 00:09:32,191:INFO: Reconstruction Starting...
2021-03-15 00:09:38,861:INFO: Reconstruction Completed
2021-03-15 00:09:38,862:INFO: Calculating Reconstruction results...
2021-03-15 00:09:38,862:INFO: Reconstruction error: 1.9820601851851853
2021-03-15 00:09:38,866:INFO: BCE Loss: 0.024469561874866486
2021-03-15 00:18:12,796:INFO: Testing Instance: 58 ---- Loading data...
2021-03-15 00:18:12,797:INFO: Reconstruction Starting...
2021-03-15 00:18:19,545:INFO: Reconstruction Completed
2021-03-15 00:18:19,546:INFO: Calculating Reconstruction results...
2021-03-15 00:18:19,546:INFO: Reconstruction error: 1.9820601851851853
2021-03-15 00:18:19,546:INFO: BCE Loss: 0.024469561874866486
2021-03-15 00:41:40,007:INFO: Testing Instance: 58 ---- Loading data...
2021-03-15 00:41:40,008:INFO: Reconstruction Starting...
2021-03-15 00:41:46,827:INFO: Reconstruction Completed
2021-03-15 00:41:46,827:INFO: Calculating Reconstruction results...
2021-03-15 00:41:46,827:INFO: Reconstruction error: 1.9820601851851853
2021-03-15 00:41:46,828:INFO: BCE Loss: 0.024469561874866486
2021-03-15 00:48:00,479:INFO: Testing Instance: 58 ---- Loading data...
2021-03-15 00:48:00,480:INFO: Reconstruction Starting...
2021-03-15 00:48:07,097:INFO: Reconstruction Completed
2021-03-15 00:48:07,097:INFO: Calculating Reconstruction results...
2021-03-15 00:48:07,097:INFO: Reconstruction error: 1.9820601851851853
2021-03-15 00:48:07,097:INFO: BCE Loss: 0.024469561874866486
